Traceback (most recent call last):
  File "C:\Users\MKuts\.julia\conda\3\lib\site-packages\jupyter_cache\executors\utils.py", line 58, in single_nb_execution
    executenb(
  File "C:\Users\MKuts\.julia\conda\3\lib\site-packages\nbclient\client.py", line 1204, in execute
    return NotebookClient(nb=nb, resources=resources, km=km, **kwargs).execute()
  File "C:\Users\MKuts\.julia\conda\3\lib\site-packages\nbclient\util.py", line 84, in wrapped
    return just_run(coro(*args, **kwargs))
  File "C:\Users\MKuts\.julia\conda\3\lib\site-packages\nbclient\util.py", line 62, in just_run
    return loop.run_until_complete(coro)
  File "C:\Users\MKuts\.julia\conda\3\lib\asyncio\base_events.py", line 642, in run_until_complete
    return future.result()
  File "C:\Users\MKuts\.julia\conda\3\lib\site-packages\nbclient\client.py", line 663, in async_execute
    await self.async_execute_cell(
  File "C:\Users\MKuts\.julia\conda\3\lib\site-packages\nbclient\client.py", line 965, in async_execute_cell
    await self._check_raise_for_error(cell, cell_index, exec_reply)
  File "C:\Users\MKuts\.julia\conda\3\lib\site-packages\nbclient\client.py", line 862, in _check_raise_for_error
    raise CellExecutionError.from_cell_and_msg(cell, exec_reply_content)
nbclient.exceptions.CellExecutionError: An error occurred while executing the following cell:
------------------
three = "3"
convert(Int64, three)
------------------

MethodError: [0mCannot `convert` an object of type [92mString[39m[0m to an object of type [91mInt64[39m
[0mClosest candidates are:
[0m  convert(::Type{T}, [91m::Ptr[39m) where T<:Integer at C:\Users\MKuts\AppData\Local\Programs\Julia-1.7.2\share\julia\base\pointer.jl:23
[0m  convert(::Type{T}, [91m::T[39m) where T<:Number at C:\Users\MKuts\AppData\Local\Programs\Julia-1.7.2\share\julia\base\number.jl:6
[0m  convert(::Type{T}, [91m::Number[39m) where T<:Number at C:\Users\MKuts\AppData\Local\Programs\Julia-1.7.2\share\julia\base\number.jl:7
[0m  ...

Stacktrace:
 [1] top-level scope
   @ In[22]:2
 [2] eval
   @ .\boot.jl:373 [inlined]
 [3] include_string(mapexpr::typeof(REPL.softscope), mod::Module, code::String, filename::String)
   @ Base .\loading.jl:1196
LoadError: MethodError: [0mCannot `convert` an object of type [92mString[39m[0m to an object of type [91mInt64[39m
[0mClosest candidates are:
[0m  convert(::Type{T}, [91m::Ptr[39m) where T<:Integer at C:\Users\MKuts\AppData\Local\Programs\Julia-1.7.2\share\julia\base\pointer.jl:23
[0m  convert(::Type{T}, [91m::T[39m) where T<:Number at C:\Users\MKuts\AppData\Local\Programs\Julia-1.7.2\share\julia\base\number.jl:6
[0m  convert(::Type{T}, [91m::Number[39m) where T<:Number at C:\Users\MKuts\AppData\Local\Programs\Julia-1.7.2\share\julia\base\number.jl:7
[0m  ...

